{"/Users/emitdutcher/Desktop/candidate-ui/src/App.js": {"path":"/Users/emitdutcher/Desktop/candidate-ui/src/App.js","statementMap":{"0":{"start":{"line":13,"column":12},"end":{"line":36,"column":1}},"1":{"start":{"line":14,"column":2},"end":{"line":35,"column":4}}},"fnMap":{"0":{"name":"(anonymous_0)","decl":{"start":{"line":13,"column":12},"end":{"line":13,"column":13}},"loc":{"start":{"line":13,"column":18},"end":{"line":36,"column":1}},"line":13}},"branchMap":{},"s":{"0":1,"1":1},"f":{"0":1},"b":{},"_coverageSchema":"43e27e138ebf9cfc5966b082cf9a028302ed4184","hash":"d513bcbbcd6162827ebad73ef8c062979be79639"}
,"/Users/emitdutcher/Desktop/candidate-ui/src/utils.js": {"path":"/Users/emitdutcher/Desktop/candidate-ui/src/utils.js","statementMap":{"0":{"start":{"line":5,"column":30},"end":{"line":5,"column":102}},"1":{"start":{"line":5,"column":38},"end":{"line":5,"column":102}},"2":{"start":{"line":6,"column":26},"end":{"line":6,"column":88}},"3":{"start":{"line":6,"column":34},"end":{"line":6,"column":88}},"4":{"start":{"line":7,"column":24},"end":{"line":7,"column":53}},"5":{"start":{"line":7,"column":32},"end":{"line":7,"column":53}}},"fnMap":{"0":{"name":"(anonymous_0)","decl":{"start":{"line":5,"column":30},"end":{"line":5,"column":31}},"loc":{"start":{"line":5,"column":38},"end":{"line":5,"column":102}},"line":5},"1":{"name":"(anonymous_1)","decl":{"start":{"line":6,"column":26},"end":{"line":6,"column":27}},"loc":{"start":{"line":6,"column":34},"end":{"line":6,"column":88}},"line":6},"2":{"name":"(anonymous_2)","decl":{"start":{"line":7,"column":24},"end":{"line":7,"column":25}},"loc":{"start":{"line":7,"column":32},"end":{"line":7,"column":53}},"line":7}},"branchMap":{"0":{"loc":{"start":{"line":5,"column":38},"end":{"line":5,"column":102}},"type":"cond-expr","locations":[{"start":{"line":5,"column":45},"end":{"line":5,"column":86}},{"start":{"line":5,"column":89},"end":{"line":5,"column":102}}],"line":5},"1":{"loc":{"start":{"line":6,"column":34},"end":{"line":6,"column":88}},"type":"cond-expr","locations":[{"start":{"line":6,"column":41},"end":{"line":6,"column":72}},{"start":{"line":6,"column":75},"end":{"line":6,"column":88}}],"line":6},"2":{"loc":{"start":{"line":7,"column":32},"end":{"line":7,"column":53}},"type":"binary-expr","locations":[{"start":{"line":7,"column":32},"end":{"line":7,"column":36}},{"start":{"line":7,"column":40},"end":{"line":7,"column":53}}],"line":7}},"s":{"0":8,"1":7,"2":8,"3":27,"4":8,"5":33},"f":{"0":7,"1":27,"2":33},"b":{"0":[1,6],"1":[24,3],"2":[33,13]},"_coverageSchema":"43e27e138ebf9cfc5966b082cf9a028302ed4184","hash":"9a045bd172cb1a71d977021cade3b5be36d655e8"}
,"/Users/emitdutcher/Desktop/candidate-ui/src/components/EditButton.jsx": {"path":"/Users/emitdutcher/Desktop/candidate-ui/src/components/EditButton.jsx","statementMap":{"0":{"start":{"line":6,"column":2},"end":{"line":16,"column":3}},"1":{"start":{"line":11,"column":21},"end":{"line":11,"column":43}}},"fnMap":{"0":{"name":"EditButton","decl":{"start":{"line":5,"column":24},"end":{"line":5,"column":34}},"loc":{"start":{"line":5,"column":68},"end":{"line":17,"column":1}},"line":5},"1":{"name":"(anonymous_1)","decl":{"start":{"line":11,"column":15},"end":{"line":11,"column":16}},"loc":{"start":{"line":11,"column":21},"end":{"line":11,"column":43}},"line":11}},"branchMap":{"0":{"loc":{"start":{"line":9,"column":13},"end":{"line":9,"column":47}},"type":"cond-expr","locations":[{"start":{"line":9,"column":24},"end":{"line":9,"column":33}},{"start":{"line":9,"column":36},"end":{"line":9,"column":47}}],"line":9},"1":{"loc":{"start":{"line":10,"column":10},"end":{"line":10,"column":56}},"type":"binary-expr","locations":[{"start":{"line":10,"column":10},"end":{"line":10,"column":18}},{"start":{"line":10,"column":22},"end":{"line":10,"column":56}}],"line":10},"2":{"loc":{"start":{"line":12,"column":15},"end":{"line":12,"column":50}},"type":"cond-expr","locations":[{"start":{"line":12,"column":26},"end":{"line":12,"column":37}},{"start":{"line":12,"column":40},"end":{"line":12,"column":50}}],"line":12},"3":{"loc":{"start":{"line":14,"column":7},"end":{"line":14,"column":33}},"type":"cond-expr","locations":[{"start":{"line":14,"column":18},"end":{"line":14,"column":24}},{"start":{"line":14,"column":27},"end":{"line":14,"column":33}}],"line":14}},"s":{"0":3,"1":1},"f":{"0":3,"1":1},"b":{"0":[1,2],"1":[3,1],"2":[1,2],"3":[1,2]},"_coverageSchema":"43e27e138ebf9cfc5966b082cf9a028302ed4184","hash":"360ada974633e081b5cb40f33f5d58c6e341a99a"}
,"/Users/emitdutcher/Desktop/candidate-ui/src/components/EditableInput.jsx": {"path":"/Users/emitdutcher/Desktop/candidate-ui/src/components/EditableInput.jsx","statementMap":{"0":{"start":{"line":10,"column":21},"end":{"line":15,"column":1}},"1":{"start":{"line":18,"column":25},"end":{"line":18,"column":43}},"2":{"start":{"line":19,"column":19},"end":{"line":19,"column":97}},"3":{"start":{"line":19,"column":54},"end":{"line":19,"column":96}},"4":{"start":{"line":20,"column":2},"end":{"line":25,"column":49}},"5":{"start":{"line":23,"column":74},"end":{"line":23,"column":99}},"6":{"start":{"line":28,"column":0},"end":{"line":30,"column":1}},"7":{"start":{"line":29,"column":18},"end":{"line":29,"column":22}}},"fnMap":{"0":{"name":"EditableInput","decl":{"start":{"line":17,"column":24},"end":{"line":17,"column":37}},"loc":{"start":{"line":17,"column":106},"end":{"line":26,"column":1}},"line":17},"1":{"name":"(anonymous_1)","decl":{"start":{"line":19,"column":32},"end":{"line":19,"column":33}},"loc":{"start":{"line":19,"column":54},"end":{"line":19,"column":96}},"line":19},"2":{"name":"(anonymous_2)","decl":{"start":{"line":23,"column":42},"end":{"line":23,"column":43}},"loc":{"start":{"line":23,"column":74},"end":{"line":23,"column":99}},"line":23},"3":{"name":"(anonymous_3)","decl":{"start":{"line":29,"column":12},"end":{"line":29,"column":13}},"loc":{"start":{"line":29,"column":18},"end":{"line":29,"column":22}},"line":29}},"branchMap":{"0":{"loc":{"start":{"line":20,"column":9},"end":{"line":25,"column":49}},"type":"cond-expr","locations":[{"start":{"line":21,"column":4},"end":{"line":24,"column":19}},{"start":{"line":25,"column":6},"end":{"line":25,"column":49}}],"line":20},"1":{"loc":{"start":{"line":23,"column":108},"end":{"line":23,"column":119}},"type":"binary-expr","locations":[{"start":{"line":23,"column":108},"end":{"line":23,"column":113}},{"start":{"line":23,"column":117},"end":{"line":23,"column":119}}],"line":23}},"s":{"0":7,"1":6,"2":6,"3":6,"4":6,"5":3,"6":7,"7":1},"f":{"0":6,"1":6,"2":3,"3":1},"b":{"0":[3,3],"1":[3,3]},"_coverageSchema":"43e27e138ebf9cfc5966b082cf9a028302ed4184","hash":"1dd3d2a26b12564538491ed4c12eb603d6b4eb6f"}
,"/Users/emitdutcher/Desktop/candidate-ui/src/components/NotListed.jsx": {"path":"/Users/emitdutcher/Desktop/candidate-ui/src/components/NotListed.jsx","statementMap":{"0":{"start":{"line":4,"column":2},"end":{"line":4,"column":27}}},"fnMap":{"0":{"name":"NotListed","decl":{"start":{"line":3,"column":24},"end":{"line":3,"column":33}},"loc":{"start":{"line":3,"column":36},"end":{"line":5,"column":1}},"line":3}},"branchMap":{},"s":{"0":12},"f":{"0":12},"b":{},"_coverageSchema":"43e27e138ebf9cfc5966b082cf9a028302ed4184","hash":"ba973f9ed3efb93c638c771b63a2d86b9c77c220"}
,"/Users/emitdutcher/Desktop/candidate-ui/src/components/WorkOrders/WorkOrder.js": {"path":"/Users/emitdutcher/Desktop/candidate-ui/src/components/WorkOrders/WorkOrder.js","statementMap":{"0":{"start":{"line":7,"column":18},"end":{"line":34,"column":1}},"1":{"start":{"line":8,"column":18},"end":{"line":8,"column":30}},"2":{"start":{"line":9,"column":91},"end":{"line":9,"column":100}},"3":{"start":{"line":10,"column":31},"end":{"line":17,"column":3}},"4":{"start":{"line":11,"column":4},"end":{"line":16,"column":7}},"5":{"start":{"line":18,"column":2},"end":{"line":33,"column":3}},"6":{"start":{"line":19,"column":34},"end":{"line":19,"column":69}},"7":{"start":{"line":28,"column":44},"end":{"line":28,"column":80}}},"fnMap":{"0":{"name":"(anonymous_0)","decl":{"start":{"line":7,"column":18},"end":{"line":7,"column":19}},"loc":{"start":{"line":7,"column":37},"end":{"line":34,"column":1}},"line":7},"1":{"name":"(anonymous_1)","decl":{"start":{"line":10,"column":31},"end":{"line":10,"column":32}},"loc":{"start":{"line":10,"column":57},"end":{"line":17,"column":3}},"line":10},"2":{"name":"(anonymous_2)","decl":{"start":{"line":19,"column":28},"end":{"line":19,"column":29}},"loc":{"start":{"line":19,"column":34},"end":{"line":19,"column":69}},"line":19},"3":{"name":"(anonymous_3)","decl":{"start":{"line":28,"column":37},"end":{"line":28,"column":38}},"loc":{"start":{"line":28,"column":44},"end":{"line":28,"column":80}},"line":28}},"branchMap":{},"s":{"0":6,"1":9,"2":9,"3":9,"4":1,"5":9,"6":1,"7":8},"f":{"0":9,"1":1,"2":1,"3":8},"b":{},"_coverageSchema":"43e27e138ebf9cfc5966b082cf9a028302ed4184","hash":"2163595730849f222eaed64273d9858b0d3c173c"}
,"/Users/emitdutcher/Desktop/candidate-ui/src/components/WorkOrders/WorkOrderDetails.js": {"path":"/Users/emitdutcher/Desktop/candidate-ui/src/components/WorkOrders/WorkOrderDetails.js","statementMap":{"0":{"start":{"line":11,"column":25},"end":{"line":95,"column":1}},"1":{"start":{"line":12,"column":25},"end":{"line":12,"column":35}},"2":{"start":{"line":13,"column":34},"end":{"line":13,"column":49}},"3":{"start":{"line":14,"column":25},"end":{"line":14,"column":38}},"4":{"start":{"line":15,"column":36},"end":{"line":15,"column":41}},"5":{"start":{"line":27,"column":28},"end":{"line":27,"column":60}},"6":{"start":{"line":29,"column":2},"end":{"line":31,"column":3}},"7":{"start":{"line":30,"column":4},"end":{"line":30,"column":32}},"8":{"start":{"line":33,"column":19},"end":{"line":38,"column":3}},"9":{"start":{"line":34,"column":4},"end":{"line":34,"column":23}},"10":{"start":{"line":35,"column":4},"end":{"line":37,"column":5}},"11":{"start":{"line":36,"column":6},"end":{"line":36,"column":55}},"12":{"start":{"line":39,"column":2},"end":{"line":94,"column":3}},"13":{"start":{"line":90,"column":41},"end":{"line":90,"column":75}}},"fnMap":{"0":{"name":"(anonymous_0)","decl":{"start":{"line":11,"column":25},"end":{"line":11,"column":26}},"loc":{"start":{"line":11,"column":31},"end":{"line":95,"column":1}},"line":11},"1":{"name":"(anonymous_1)","decl":{"start":{"line":33,"column":19},"end":{"line":33,"column":20}},"loc":{"start":{"line":33,"column":26},"end":{"line":38,"column":3}},"line":33},"2":{"name":"(anonymous_2)","decl":{"start":{"line":90,"column":34},"end":{"line":90,"column":35}},"loc":{"start":{"line":90,"column":41},"end":{"line":90,"column":75}},"line":90}},"branchMap":{"0":{"loc":{"start":{"line":14,"column":10},"end":{"line":14,"column":20}},"type":"default-arg","locations":[{"start":{"line":14,"column":18},"end":{"line":14,"column":20}}],"line":14},"1":{"loc":{"start":{"line":15,"column":10},"end":{"line":15,"column":31}},"type":"default-arg","locations":[{"start":{"line":15,"column":29},"end":{"line":15,"column":31}}],"line":15},"2":{"loc":{"start":{"line":29,"column":2},"end":{"line":31,"column":3}},"type":"if","locations":[{"start":{"line":29,"column":2},"end":{"line":31,"column":3}},{"start":{"line":29,"column":2},"end":{"line":31,"column":3}}],"line":29},"3":{"loc":{"start":{"line":35,"column":4},"end":{"line":37,"column":5}},"type":"if","locations":[{"start":{"line":35,"column":4},"end":{"line":37,"column":5}},{"start":{"line":35,"column":4},"end":{"line":37,"column":5}}],"line":35}},"s":{"0":6,"1":4,"2":4,"3":4,"4":4,"5":4,"6":4,"7":1,"8":3,"9":2,"10":2,"11":1,"12":3,"13":3},"f":{"0":4,"1":2,"2":3},"b":{"0":[1],"1":[1],"2":[1,3],"3":[1,1]},"_coverageSchema":"43e27e138ebf9cfc5966b082cf9a028302ed4184","hash":"73fc9afe47b3c8139f70d8237f88913eb6fd344b"}
,"/Users/emitdutcher/Desktop/candidate-ui/src/components/WorkOrders/WorkOrderNotFound.jsx": {"path":"/Users/emitdutcher/Desktop/candidate-ui/src/components/WorkOrders/WorkOrderNotFound.jsx","statementMap":{"0":{"start":{"line":7,"column":17},"end":{"line":7,"column":28}},"1":{"start":{"line":8,"column":2},"end":{"line":13,"column":3}}},"fnMap":{"0":{"name":"WorkOrderNotFound","decl":{"start":{"line":6,"column":24},"end":{"line":6,"column":41}},"loc":{"start":{"line":6,"column":44},"end":{"line":14,"column":1}},"line":6}},"branchMap":{},"s":{"0":1,"1":1},"f":{"0":1},"b":{},"_coverageSchema":"43e27e138ebf9cfc5966b082cf9a028302ed4184","hash":"9e1aa037272b34fa7ac2141ed2bc0d54a07002bb"}
,"/Users/emitdutcher/Desktop/candidate-ui/src/components/WorkOrders/WorkOrderStore.jsx": {"path":"/Users/emitdutcher/Desktop/candidate-ui/src/components/WorkOrders/WorkOrderStore.jsx","statementMap":{"0":{"start":{"line":6,"column":40},"end":{"line":6,"column":55}},"1":{"start":{"line":7,"column":26},"end":{"line":7,"column":38}},"2":{"start":{"line":8,"column":21},"end":{"line":16,"column":3}},"3":{"start":{"line":9,"column":24},"end":{"line":9,"column":69}},"4":{"start":{"line":9,"column":51},"end":{"line":9,"column":68}},"5":{"start":{"line":10,"column":24},"end":{"line":10,"column":60}},"6":{"start":{"line":11,"column":4},"end":{"line":15,"column":6}},"7":{"start":{"line":17,"column":2},"end":{"line":21,"column":8}},"8":{"start":{"line":18,"column":4},"end":{"line":18,"column":24}},"9":{"start":{"line":19,"column":4},"end":{"line":19,"column":43}},"10":{"start":{"line":22,"column":18},"end":{"line":26,"column":3}},"11":{"start":{"line":27,"column":2},"end":{"line":31,"column":3}}},"fnMap":{"0":{"name":"WorkOrderStore","decl":{"start":{"line":5,"column":24},"end":{"line":5,"column":38}},"loc":{"start":{"line":5,"column":53},"end":{"line":32,"column":1}},"line":5},"1":{"name":"(anonymous_1)","decl":{"start":{"line":8,"column":21},"end":{"line":8,"column":22}},"loc":{"start":{"line":8,"column":32},"end":{"line":16,"column":3}},"line":8},"2":{"name":"(anonymous_2)","decl":{"start":{"line":9,"column":39},"end":{"line":9,"column":40}},"loc":{"start":{"line":9,"column":51},"end":{"line":9,"column":68}},"line":9},"3":{"name":"(anonymous_3)","decl":{"start":{"line":17,"column":12},"end":{"line":17,"column":13}},"loc":{"start":{"line":17,"column":18},"end":{"line":21,"column":3}},"line":17}},"branchMap":{},"s":{"0":1,"1":1,"2":1,"3":1,"4":2,"5":1,"6":1,"7":1,"8":1,"9":1,"10":1,"11":1},"f":{"0":1,"1":1,"2":2,"3":1},"b":{},"_coverageSchema":"43e27e138ebf9cfc5966b082cf9a028302ed4184","hash":"12d397ab80efa219cdd5280e8a9ee3f441e37442"}
,"/Users/emitdutcher/Desktop/candidate-ui/src/components/WorkOrders/WorkOrders.js": {"path":"/Users/emitdutcher/Desktop/candidate-ui/src/components/WorkOrders/WorkOrders.js","statementMap":{"0":{"start":{"line":9,"column":32},"end":{"line":9,"column":42}},"1":{"start":{"line":11,"column":2},"end":{"line":15,"column":3}},"2":{"start":{"line":12,"column":4},"end":{"line":14,"column":5}},"3":{"start":{"line":17,"column":2},"end":{"line":31,"column":4}},"4":{"start":{"line":23,"column":37},"end":{"line":23,"column":95}},"5":{"start":{"line":27,"column":35},"end":{"line":27,"column":90}}},"fnMap":{"0":{"name":"WorkOrders","decl":{"start":{"line":8,"column":24},"end":{"line":8,"column":34}},"loc":{"start":{"line":8,"column":37},"end":{"line":32,"column":1}},"line":8},"1":{"name":"(anonymous_1)","decl":{"start":{"line":23,"column":25},"end":{"line":23,"column":26}},"loc":{"start":{"line":23,"column":37},"end":{"line":23,"column":95}},"line":23},"2":{"name":"(anonymous_2)","decl":{"start":{"line":27,"column":20},"end":{"line":27,"column":21}},"loc":{"start":{"line":27,"column":35},"end":{"line":27,"column":90}},"line":27}},"branchMap":{"0":{"loc":{"start":{"line":11,"column":2},"end":{"line":15,"column":3}},"type":"if","locations":[{"start":{"line":11,"column":2},"end":{"line":15,"column":3}},{"start":{"line":11,"column":2},"end":{"line":15,"column":3}}],"line":11}},"s":{"0":2,"1":2,"2":1,"3":1,"4":8,"5":1},"f":{"0":2,"1":8,"2":1},"b":{"0":[1,1]},"_coverageSchema":"43e27e138ebf9cfc5966b082cf9a028302ed4184","hash":"929b40a089e3624a7df449c21e1b43a0fdda3904"}
,"/Users/emitdutcher/Desktop/candidate-ui/src/components/WorkOrders/index.js": {"path":"/Users/emitdutcher/Desktop/candidate-ui/src/components/WorkOrders/index.js","statementMap":{},"fnMap":{},"branchMap":{},"s":{},"f":{},"b":{},"_coverageSchema":"43e27e138ebf9cfc5966b082cf9a028302ed4184","hash":"72fb25bcbbd0a00766132c021e7303217a749bbc"}
,"/Users/emitdutcher/Desktop/candidate-ui/src/constants/index.js": {"path":"/Users/emitdutcher/Desktop/candidate-ui/src/constants/index.js","statementMap":{},"fnMap":{},"branchMap":{},"s":{},"f":{},"b":{},"_coverageSchema":"43e27e138ebf9cfc5966b082cf9a028302ed4184","hash":"ba2f2845673b9ad3a1f89c0d677999ea28c0794f"}
,"/Users/emitdutcher/Desktop/candidate-ui/src/constants/priorityOptions.js": {"path":"/Users/emitdutcher/Desktop/candidate-ui/src/constants/priorityOptions.js","statementMap":{"0":{"start":{"line":1,"column":24},"end":{"line":5,"column":1}}},"fnMap":{},"branchMap":{},"s":{"0":7},"f":{},"b":{},"_coverageSchema":"43e27e138ebf9cfc5966b082cf9a028302ed4184","hash":"1ca58c677bb7f34fc8c27b6823166201d05494e5"}
,"/Users/emitdutcher/Desktop/candidate-ui/src/hooks/index.js": {"path":"/Users/emitdutcher/Desktop/candidate-ui/src/hooks/index.js","statementMap":{},"fnMap":{},"branchMap":{},"s":{},"f":{},"b":{},"_coverageSchema":"43e27e138ebf9cfc5966b082cf9a028302ed4184","hash":"1dcf651be3b5bf4f6cf046c0b81e94873ab33fcf"}
,"/Users/emitdutcher/Desktop/candidate-ui/src/hooks/useLocalState.js": {"path":"/Users/emitdutcher/Desktop/candidate-ui/src/hooks/useLocalState.js","statementMap":{"0":{"start":{"line":3,"column":23},"end":{"line":3,"column":87}},"1":{"start":{"line":3,"column":44},"end":{"line":3,"column":86}},"2":{"start":{"line":4,"column":30},"end":{"line":4,"column":81}},"3":{"start":{"line":4,"column":48},"end":{"line":4,"column":81}}},"fnMap":{"0":{"name":"(anonymous_0)","decl":{"start":{"line":3,"column":23},"end":{"line":3,"column":24}},"loc":{"start":{"line":3,"column":44},"end":{"line":3,"column":86}},"line":3},"1":{"name":"(anonymous_1)","decl":{"start":{"line":4,"column":30},"end":{"line":4,"column":31}},"loc":{"start":{"line":4,"column":48},"end":{"line":4,"column":81}},"line":4}},"branchMap":{"0":{"loc":{"start":{"line":3,"column":44},"end":{"line":3,"column":86}},"type":"cond-expr","locations":[{"start":{"line":3,"column":54},"end":{"line":3,"column":78}},{"start":{"line":3,"column":81},"end":{"line":3,"column":86}}],"line":3}},"s":{"0":8,"1":2,"2":8,"3":4},"f":{"0":2,"1":4},"b":{"0":[1,1]},"_coverageSchema":"43e27e138ebf9cfc5966b082cf9a028302ed4184","hash":"277e8b9159d545e937c9d1cedc9c97cf9a0e7330"}
,"/Users/emitdutcher/Desktop/candidate-ui/src/hooks/useStore.js": {"path":"/Users/emitdutcher/Desktop/candidate-ui/src/hooks/useStore.js","statementMap":{"0":{"start":{"line":3,"column":28},"end":{"line":3,"column":45}},"1":{"start":{"line":4,"column":24},"end":{"line":4,"column":54}},"2":{"start":{"line":4,"column":30},"end":{"line":4,"column":54}}},"fnMap":{"0":{"name":"(anonymous_0)","decl":{"start":{"line":4,"column":24},"end":{"line":4,"column":25}},"loc":{"start":{"line":4,"column":30},"end":{"line":4,"column":54}},"line":4}},"branchMap":{},"s":{"0":8,"1":8,"2":1},"f":{"0":1},"b":{},"_coverageSchema":"43e27e138ebf9cfc5966b082cf9a028302ed4184","hash":"0421aafde03620cbcd64c9de1368a5a538f8ffc5"}
,"/Users/emitdutcher/Desktop/candidate-ui/src/styles/workOrders.js": {"path":"/Users/emitdutcher/Desktop/candidate-ui/src/styles/workOrders.js","statementMap":{"0":{"start":{"line":3,"column":33},"end":{"line":8,"column":1}},"1":{"start":{"line":10,"column":31},"end":{"line":15,"column":1}},"2":{"start":{"line":17,"column":35},"end":{"line":21,"column":1}},"3":{"start":{"line":23,"column":32},"end":{"line":25,"column":1}},"4":{"start":{"line":27,"column":29},"end":{"line":34,"column":1}},"5":{"start":{"line":36,"column":29},"end":{"line":39,"column":1}},"6":{"start":{"line":42,"column":39},"end":{"line":44,"column":1}},"7":{"start":{"line":46,"column":38},"end":{"line":49,"column":1}},"8":{"start":{"line":52,"column":39},"end":{"line":54,"column":1}},"9":{"start":{"line":56,"column":36},"end":{"line":60,"column":1}},"10":{"start":{"line":62,"column":43},"end":{"line":66,"column":1}},"11":{"start":{"line":68,"column":36},"end":{"line":71,"column":1}},"12":{"start":{"line":72,"column":31},"end":{"line":77,"column":1}}},"fnMap":{},"branchMap":{},"s":{"0":6,"1":6,"2":6,"3":6,"4":6,"5":6,"6":6,"7":6,"8":6,"9":6,"10":6,"11":6,"12":6},"f":{},"b":{},"_coverageSchema":"43e27e138ebf9cfc5966b082cf9a028302ed4184","hash":"379ee433f6308ff0279699fd35e01faa414ce697"}
}
