TN:
SF:/Users/emitdutcher/Desktop/candidate-ui/src/App.js
FN:13,(anonymous_0)
FNF:1
FNH:1
FNDA:1,(anonymous_0)
DA:13,1
DA:14,1
LF:2
LH:2
BRF:0
BRH:0
end_of_record
TN:
SF:/Users/emitdutcher/Desktop/candidate-ui/src/utils.js
FN:5,(anonymous_0)
FN:6,(anonymous_1)
FN:7,(anonymous_2)
FNF:3
FNH:3
FNDA:7,(anonymous_0)
FNDA:27,(anonymous_1)
FNDA:33,(anonymous_2)
DA:5,8
DA:6,27
DA:7,33
LF:3
LH:3
BRDA:5,0,0,1
BRDA:5,0,1,6
BRDA:6,1,0,24
BRDA:6,1,1,3
BRDA:7,2,0,33
BRDA:7,2,1,13
BRF:6
BRH:6
end_of_record
TN:
SF:/Users/emitdutcher/Desktop/candidate-ui/src/components/EditButton.jsx
FN:5,EditButton
FN:11,(anonymous_1)
FNF:2
FNH:2
FNDA:3,EditButton
FNDA:1,(anonymous_1)
DA:6,3
DA:11,1
LF:2
LH:2
BRDA:9,0,0,1
BRDA:9,0,1,2
BRDA:10,1,0,3
BRDA:10,1,1,1
BRDA:12,2,0,1
BRDA:12,2,1,2
BRDA:14,3,0,1
BRDA:14,3,1,2
BRF:8
BRH:8
end_of_record
TN:
SF:/Users/emitdutcher/Desktop/candidate-ui/src/components/EditableInput.jsx
FN:17,EditableInput
FN:19,(anonymous_1)
FN:23,(anonymous_2)
FN:29,(anonymous_3)
FNF:4
FNH:4
FNDA:6,EditableInput
FNDA:6,(anonymous_1)
FNDA:3,(anonymous_2)
FNDA:1,(anonymous_3)
DA:10,7
DA:18,6
DA:19,6
DA:20,6
DA:23,3
DA:28,7
DA:29,1
LF:7
LH:7
BRDA:20,0,0,3
BRDA:20,0,1,3
BRDA:23,1,0,3
BRDA:23,1,1,3
BRF:4
BRH:4
end_of_record
TN:
SF:/Users/emitdutcher/Desktop/candidate-ui/src/components/NotListed.jsx
FN:3,NotListed
FNF:1
FNH:1
FNDA:12,NotListed
DA:4,12
LF:1
LH:1
BRF:0
BRH:0
end_of_record
TN:
SF:/Users/emitdutcher/Desktop/candidate-ui/src/components/WorkOrders/WorkOrder.js
FN:7,(anonymous_0)
FN:10,(anonymous_1)
FN:19,(anonymous_2)
FN:28,(anonymous_3)
FNF:4
FNH:4
FNDA:9,(anonymous_0)
FNDA:1,(anonymous_1)
FNDA:1,(anonymous_2)
FNDA:8,(anonymous_3)
DA:7,6
DA:8,9
DA:9,9
DA:10,9
DA:11,1
DA:18,9
DA:19,1
DA:28,8
LF:8
LH:8
BRF:0
BRH:0
end_of_record
TN:
SF:/Users/emitdutcher/Desktop/candidate-ui/src/components/WorkOrders/WorkOrderDetails.js
FN:11,(anonymous_0)
FN:33,(anonymous_1)
FN:90,(anonymous_2)
FNF:3
FNH:3
FNDA:4,(anonymous_0)
FNDA:2,(anonymous_1)
FNDA:3,(anonymous_2)
DA:11,6
DA:12,4
DA:13,4
DA:14,4
DA:15,4
DA:27,4
DA:29,4
DA:30,1
DA:33,3
DA:34,2
DA:35,2
DA:36,1
DA:39,3
DA:90,3
LF:14
LH:14
BRDA:14,0,0,1
BRDA:15,1,0,1
BRDA:29,2,0,1
BRDA:29,2,1,3
BRDA:35,3,0,1
BRDA:35,3,1,1
BRF:6
BRH:6
end_of_record
TN:
SF:/Users/emitdutcher/Desktop/candidate-ui/src/components/WorkOrders/WorkOrderNotFound.jsx
FN:6,WorkOrderNotFound
FNF:1
FNH:1
FNDA:1,WorkOrderNotFound
DA:7,1
DA:8,1
LF:2
LH:2
BRF:0
BRH:0
end_of_record
TN:
SF:/Users/emitdutcher/Desktop/candidate-ui/src/components/WorkOrders/WorkOrderStore.jsx
FN:5,WorkOrderStore
FN:8,(anonymous_1)
FN:9,(anonymous_2)
FN:17,(anonymous_3)
FNF:4
FNH:4
FNDA:1,WorkOrderStore
FNDA:1,(anonymous_1)
FNDA:2,(anonymous_2)
FNDA:1,(anonymous_3)
DA:6,1
DA:7,1
DA:8,1
DA:9,2
DA:10,1
DA:11,1
DA:17,1
DA:18,1
DA:19,1
DA:22,1
DA:27,1
LF:11
LH:11
BRF:0
BRH:0
end_of_record
TN:
SF:/Users/emitdutcher/Desktop/candidate-ui/src/components/WorkOrders/WorkOrders.js
FN:8,WorkOrders
FN:23,(anonymous_1)
FN:27,(anonymous_2)
FNF:3
FNH:3
FNDA:2,WorkOrders
FNDA:8,(anonymous_1)
FNDA:1,(anonymous_2)
DA:9,2
DA:11,2
DA:12,1
DA:17,1
DA:23,8
DA:27,1
LF:6
LH:6
BRDA:11,0,0,1
BRDA:11,0,1,1
BRF:2
BRH:2
end_of_record
TN:
SF:/Users/emitdutcher/Desktop/candidate-ui/src/components/WorkOrders/index.js
FNF:0
FNH:0
LF:0
LH:0
BRF:0
BRH:0
end_of_record
TN:
SF:/Users/emitdutcher/Desktop/candidate-ui/src/constants/index.js
FNF:0
FNH:0
LF:0
LH:0
BRF:0
BRH:0
end_of_record
TN:
SF:/Users/emitdutcher/Desktop/candidate-ui/src/constants/priorityOptions.js
FNF:0
FNH:0
DA:1,7
LF:1
LH:1
BRF:0
BRH:0
end_of_record
TN:
SF:/Users/emitdutcher/Desktop/candidate-ui/src/hooks/index.js
FNF:0
FNH:0
LF:0
LH:0
BRF:0
BRH:0
end_of_record
TN:
SF:/Users/emitdutcher/Desktop/candidate-ui/src/hooks/useLocalState.js
FN:3,(anonymous_0)
FN:4,(anonymous_1)
FNF:2
FNH:2
FNDA:2,(anonymous_0)
FNDA:4,(anonymous_1)
DA:3,8
DA:4,8
LF:2
LH:2
BRDA:3,0,0,1
BRDA:3,0,1,1
BRF:2
BRH:2
end_of_record
TN:
SF:/Users/emitdutcher/Desktop/candidate-ui/src/hooks/useStore.js
FN:4,(anonymous_0)
FNF:1
FNH:1
FNDA:1,(anonymous_0)
DA:3,8
DA:4,8
LF:2
LH:2
BRF:0
BRH:0
end_of_record
TN:
SF:/Users/emitdutcher/Desktop/candidate-ui/src/styles/workOrders.js
FNF:0
FNH:0
DA:3,6
DA:10,6
DA:17,6
DA:23,6
DA:27,6
DA:36,6
DA:42,6
DA:46,6
DA:52,6
DA:56,6
DA:62,6
DA:68,6
DA:72,6
LF:13
LH:13
BRF:0
BRH:0
end_of_record
